<?xml version="1.0" encoding="UTF-8"?>
<!-- Generated by org.testng.reporters.JUnitReportReporter -->
<testsuite hostname="DESKTOP-VM14F0U" failures="0" tests="1" name="tests.FlipCar" time="14.942" errors="0" timestamp="2023-02-16T09:50:27 PST" skipped="0">
  <testcase classname="tests.FlipCar" name="flipKartTest" time="14.942"/>
  <system-out/>
</testsuite> <!-- tests.FlipCar -->
