<?xml version="1.0" encoding="UTF-8"?>
<!-- Generated by org.testng.reporters.JUnitReportReporter -->
<testsuite hostname="DESKTOP-VM14F0U" failures="0" tests="3" name="seleium.MavenScrach.PlaceOrder" time="41.346" errors="0" timestamp="2022-10-10T10:54:46 PDT" skipped="0">
  <testcase classname="seleium.MavenScrach.PlaceOrder" name="submitOrder" time="22.054"/>
  <system-out/>
  <testcase classname="seleium.MavenScrach.PlaceOrder" name="submitOrder" time="12.546"/>
  <system-out/>
  <testcase classname="seleium.MavenScrach.PlaceOrder" name="OrderHistoryTest" time="6.746"/>
  <system-out/>
</testsuite> <!-- seleium.MavenScrach.PlaceOrder -->
