<?xml version="1.0" encoding="UTF-8"?>
<!-- Generated by org.testng.reporters.JUnitReportReporter -->
<testsuite hostname="DESKTOP-VM14F0U" failures="0" tests="3" name="seleium.MavenScrach.PlaceOrder" time="45.554" errors="0" timestamp="2022-10-08T12:02:56 PDT" skipped="0">
  <testcase classname="seleium.MavenScrach.PlaceOrder" name="OrderHistoryTest" time="12.174"/>
  <system-out/>
  <testcase classname="seleium.MavenScrach.PlaceOrder" name="submitOrder" time="14.706"/>
  <system-out/>
  <testcase classname="seleium.MavenScrach.PlaceOrder" name="submitOrder" time="18.674"/>
  <system-out/>
</testsuite> <!-- seleium.MavenScrach.PlaceOrder -->
