<?xml version="1.0" encoding="UTF-8"?>
<!-- Generated by org.testng.reporters.JUnitReportReporter -->
<testsuite hostname="DESKTOP-VM14F0U" failures="0" tests="2" name="seleium.MavenScrach.PlaceOrder" time="24.132" errors="0" timestamp="2022-11-05T02:51:03 PDT" skipped="0">
  <testcase classname="seleium.MavenScrach.PlaceOrder" name="submitOrder" time="15.499"/>
  <system-out/>
  <testcase classname="seleium.MavenScrach.PlaceOrder" name="submitOrder" time="8.633"/>
  <system-out/>
</testsuite> <!-- seleium.MavenScrach.PlaceOrder -->
