<?xml version="1.0" encoding="UTF-8"?>
<!-- Generated by org.testng.reporters.JUnitReportReporter -->
<testsuite hostname="DESKTOP-VM14F0U" failures="0" tests="1" name="seleium.MavenScrach.PlaceOrder" time="21.004" errors="0" timestamp="2022-10-05T00:10:29 PDT" skipped="0">
  <testcase classname="seleium.MavenScrach.PlaceOrder" name="submitOrder" time="21.004"/>
  <system-out/>
</testsuite> <!-- seleium.MavenScrach.PlaceOrder -->
