<?xml version="1.0" encoding="UTF-8"?>
<!-- Generated by org.testng.reporters.JUnitReportReporter -->
<testsuite hostname="DESKTOP-VM14F0U" failures="0" tests="2" name="seleium.MavenScrach.ErrorValidationsTest" time="17.986" errors="0" timestamp="2022-10-05T06:02:05 PDT" skipped="0">
  <testcase classname="seleium.MavenScrach.ErrorValidationsTest" name="ProductErrorValidation" time="11.169"/>
  <system-out/>
  <testcase classname="seleium.MavenScrach.ErrorValidationsTest" name="LoginErrorValidation" time="6.817"/>
  <system-out/>
</testsuite> <!-- seleium.MavenScrach.ErrorValidationsTest -->
