<?xml version="1.0" encoding="UTF-8"?>
<!-- Generated by org.testng.reporters.JUnitReportReporter -->
<testsuite hostname="DESKTOP-VM14F0U" failures="0" tests="1" name="tests.Demo" time="19.993" errors="0" timestamp="2022-11-21T10:07:22 PST" skipped="0">
  <testcase classname="tests.Demo" name="GetAllproducts" time="19.993"/>
  <system-out/>
</testsuite> <!-- tests.Demo -->
