<?xml version="1.0" encoding="UTF-8"?>
<!-- Generated by org.testng.reporters.JUnitReportReporter -->
<testsuite hostname="DESKTOP-VM14F0U" failures="0" tests="1" name="seleium.MavenScrach.PlaceOrder" time="18.754" errors="0" timestamp="2022-10-05T01:04:40 PDT" skipped="0">
  <testcase classname="seleium.MavenScrach.PlaceOrder" name="submitOrder" time="18.754"/>
  <system-out/>
</testsuite> <!-- seleium.MavenScrach.PlaceOrder -->
