<?xml version="1.0" encoding="UTF-8"?>
<!-- Generated by org.testng.reporters.JUnitReportReporter -->
<testsuite hostname="DESKTOP-VM14F0U" failures="0" tests="3" name="seleium.MavenScrach.PlaceOrder" time="48.333" errors="0" timestamp="2022-10-13T11:13:54 PDT" skipped="0">
  <testcase classname="seleium.MavenScrach.PlaceOrder" name="submitOrder" time="17.989"/>
  <system-out/>
  <testcase classname="seleium.MavenScrach.PlaceOrder" name="submitOrder" time="22.724"/>
  <system-out/>
  <testcase classname="seleium.MavenScrach.PlaceOrder" name="OrderHistoryTest" time="7.620"/>
  <system-out/>
</testsuite> <!-- seleium.MavenScrach.PlaceOrder -->
