<?xml version="1.0" encoding="UTF-8"?>
<!-- Generated by org.testng.reporters.JUnitReportReporter -->
<testsuite hostname="DESKTOP-VM14F0U" failures="0" tests="2" name="seleium.MavenScrach.ErrorValidationsTest" time="35.521" errors="0" timestamp="2022-10-06T10:58:04 PDT" skipped="0">
  <testcase classname="seleium.MavenScrach.ErrorValidationsTest" name="ProductErrorValidation" time="23.631"/>
  <system-out/>
  <testcase classname="seleium.MavenScrach.ErrorValidationsTest" name="LoginErrorValidation" time="11.890"/>
  <system-out/>
</testsuite> <!-- seleium.MavenScrach.ErrorValidationsTest -->
