<?xml version="1.0" encoding="UTF-8"?>
<!-- Generated by org.testng.reporters.JUnitReportReporter -->
<testsuite hostname="DESKTOP-VM14F0U" failures="0" tests="1" name="tests.Demo" time="29.036" errors="0" timestamp="2023-01-21T02:53:15 PST" skipped="0">
  <testcase classname="tests.Demo" name="GetAllproducts" time="29.036"/>
  <system-out/>
</testsuite> <!-- tests.Demo -->
