<?xml version="1.0" encoding="UTF-8"?>
<!-- Generated by org.testng.reporters.JUnitReportReporter -->
<testsuite hostname="DESKTOP-VM14F0U" failures="0" tests="1" name="seleium.MavenScrach.ErrorValidationsTest" time="12.976" errors="0" timestamp="2022-10-05T00:37:26 PDT" skipped="0">
  <testcase classname="seleium.MavenScrach.ErrorValidationsTest" name="submitOrder" time="12.976"/>
  <system-out/>
</testsuite> <!-- seleium.MavenScrach.ErrorValidationsTest -->
