<?xml version="1.0" encoding="UTF-8"?>
<!-- Generated by org.testng.reporters.JUnitReportReporter -->
<testsuite hostname="DESKTOP-VM14F0U" failures="0" tests="3" name="seleium.MavenScrach.PlaceOrder" time="37.435" errors="0" timestamp="2022-10-12T11:47:00 PDT" skipped="0">
  <testcase classname="seleium.MavenScrach.PlaceOrder" name="submitOrder" time="13.064"/>
  <system-out/>
  <testcase classname="seleium.MavenScrach.PlaceOrder" name="OrderHistoryTest" time="5.805"/>
  <system-out/>
  <testcase classname="seleium.MavenScrach.PlaceOrder" name="submitOrder" time="18.566"/>
  <system-out/>
</testsuite> <!-- seleium.MavenScrach.PlaceOrder -->
