<?xml version="1.0" encoding="UTF-8"?>
<!-- Generated by org.testng.reporters.JUnitReportReporter -->
<testsuite hostname="DESKTOP-VM14F0U" failures="0" tests="2" name="seleium.MavenScrach.PlaceOrder" time="38.764" errors="0" timestamp="2022-10-06T10:58:04 PDT" skipped="0">
  <testcase classname="seleium.MavenScrach.PlaceOrder" name="submitOrder" time="21.058"/>
  <system-out/>
  <testcase classname="seleium.MavenScrach.PlaceOrder" name="OrderHistoryTest" time="17.706"/>
  <system-out/>
</testsuite> <!-- seleium.MavenScrach.PlaceOrder -->
