<?xml version="1.0" encoding="UTF-8"?>
<!-- Generated by org.testng.reporters.JUnitReportReporter -->
<testsuite hostname="DESKTOP-VM14F0U" failures="0" tests="2" name="seleium.MavenScrach.PlaceOrder" time="29.304" errors="0" timestamp="2022-10-08T12:41:46 PDT" skipped="0">
  <testcase classname="seleium.MavenScrach.PlaceOrder" name="submitOrder" time="12.409"/>
  <system-out/>
  <testcase classname="seleium.MavenScrach.PlaceOrder" name="submitOrder" time="16.895"/>
  <system-out/>
</testsuite> <!-- seleium.MavenScrach.PlaceOrder -->
