<?xml version="1.0" encoding="UTF-8"?>
<!-- Generated by org.testng.reporters.JUnitReportReporter -->
<testsuite hostname="DESKTOP-VM14F0U" failures="0" tests="2" name="seleium.MavenScrach.PlaceOrder" time="30.127" errors="0" timestamp="2022-10-06T10:26:40 PDT" skipped="0">
  <testcase classname="seleium.MavenScrach.PlaceOrder" name="submitOrder" time="12.342"/>
  <system-out/>
  <testcase classname="seleium.MavenScrach.PlaceOrder" name="OrderHistoryTest" time="17.785"/>
  <system-out/>
</testsuite> <!-- seleium.MavenScrach.PlaceOrder -->
