<?xml version="1.0" encoding="UTF-8"?>
<!-- Generated by org.testng.reporters.JUnitReportReporter -->
<testsuite hostname="DESKTOP-VM14F0U" failures="0" tests="3" name="tests.PlaceOrder" time="51.823" errors="0" timestamp="2022-11-05T03:08:48 PDT" skipped="0">
  <testcase classname="tests.PlaceOrder" name="OrderHistoryTest" time="18.751"/>
  <system-out/>
  <testcase classname="tests.PlaceOrder" name="submitOrder" time="19.106"/>
  <system-out/>
  <testcase classname="tests.PlaceOrder" name="submitOrder" time="13.966"/>
  <system-out/>
</testsuite> <!-- tests.PlaceOrder -->
