<?xml version="1.0" encoding="UTF-8"?>
<!-- Generated by org.testng.reporters.JUnitReportReporter -->
<testsuite hostname="DESKTOP-VM14F0U" failures="0" tests="1" name="seleium.MavenScrach.ErrorValidationsTest" time="9.527" errors="0" timestamp="2022-10-08T07:51:27 PDT" skipped="0">
  <testcase classname="seleium.MavenScrach.ErrorValidationsTest" name="LoginErrorValidation" time="9.527"/>
  <system-out/>
</testsuite> <!-- seleium.MavenScrach.ErrorValidationsTest -->
