<?xml version="1.0" encoding="UTF-8"?>
<!-- Generated by org.testng.reporters.JUnitReportReporter -->
<testsuite hostname="MacBook-Pro.attlocal.net" failures="0" tests="1" name="GoogleTest" time="6.674" errors="0" timestamp="2022-02-01T15:38:52 EST" skipped="0">
  <testcase classname="GoogleTest" name="HomePageCheck" time="6.674"/>
  <system-out/>
</testsuite> <!-- GoogleTest -->
