<?xml version="1.0" encoding="UTF-8"?>
<!-- Generated by org.testng.reporters.JUnitReportReporter -->
<testsuite hostname="DESKTOP-VM14F0U" failures="0" tests="1" name="core.ExtentRport.ExtentReportDemo" time="28.213" errors="0" timestamp="2022-10-11T11:44:44 PDT" skipped="0">
  <testcase classname="core.ExtentRport.ExtentReportDemo" name="initialDemo" time="28.213"/>
  <system-out/>
</testsuite> <!-- core.ExtentRport.ExtentReportDemo -->
