<?xml version="1.0" encoding="UTF-8"?>
<!-- Generated by org.testng.reporters.JUnitReportReporter -->
<testsuite hostname="DESKTOP-VM14F0U" failures="0" tests="1" name="TestNG.adminLogin" time="0.008" errors="0" timestamp="2022-09-28T10:42:06 PDT" skipped="0">
  <testcase classname="TestNG.adminLogin" name="demo1" time="0.008"/>
  <system-out/>
</testsuite> <!-- TestNG.adminLogin -->
