<?xml version="1.0" encoding="UTF-8"?>
<!-- Generated by org.testng.reporters.JUnitReportReporter -->
<testsuite hostname="DESKTOP-VM14F0U" failures="0" tests="2" name="TestNG.test" time="0.041" errors="0" timestamp="2022-09-28T11:53:22 PDT" skipped="0">
  <testcase classname="TestNG.test" name="test1" time="0.033"/>
  <system-out/>
  <testcase classname="TestNG.test" name="test2" time="0.008"/>
  <system-out/>
</testsuite> <!-- TestNG.test -->
