<?xml version="1.0" encoding="UTF-8"?>
<!-- Generated by org.testng.reporters.JUnitReportReporter -->
<testsuite hostname="DESKTOP-VM14F0U" failures="0" tests="1" name="TestNG.test" time="0.032" errors="0" timestamp="2022-09-28T10:42:06 PDT" skipped="0">
  <testcase classname="TestNG.test" name="test2" time="0.032"/>
  <system-out/>
</testsuite> <!-- TestNG.test -->
