<?xml version="1.0" encoding="UTF-8"?>
<!-- Generated by org.testng.reporters.JUnitReportReporter -->
<testsuite hostname="DESKTOP-VM14F0U" failures="0" tests="2" name="TestNG.test" time="0.011" errors="0" timestamp="2022-09-26T11:56:58 PDT" skipped="0">
  <testcase classname="TestNG.test" name="test1" time="0.006"/>
  <system-out/>
  <testcase classname="TestNG.test" name="test2" time="0.005"/>
  <system-out/>
</testsuite> <!-- TestNG.test -->
