<?xml version="1.0" encoding="UTF-8"?>
<!-- Generated by org.testng.reporters.JUnitReportReporter -->
<testsuite hostname="DESKTOP-VM14F0U" failures="0" tests="2" name="TestNG.adminLogin" time="0.036" errors="0" timestamp="2022-09-26T11:56:58 PDT" skipped="0">
  <testcase classname="TestNG.adminLogin" name="demo1" time="0.032"/>
  <system-out/>
  <testcase classname="TestNG.adminLogin" name="demo2" time="0.004"/>
  <system-out/>
</testsuite> <!-- TestNG.adminLogin -->
