<?xml version="1.0" encoding="UTF-8"?>
<!-- Generated by org.testng.reporters.JUnitReportReporter -->
<testsuite hostname="DESKTOP-VM14F0U" failures="0" tests="2" name="other.DataProvider" time="17.199" errors="0" timestamp="2022-09-28T08:13:25 PDT" skipped="0">
  <testcase classname="other.DataProvider" name="login" time="5.715"/>
  <system-out/>
  <testcase classname="other.DataProvider" name="login" time="11.484"/>
  <system-out/>
</testsuite> <!-- other.DataProvider -->
