<?xml version="1.0" encoding="UTF-8"?>
<!-- Generated by org.testng.reporters.JUnitReportReporter -->
<testsuite hostname="DESKTOP-VM14F0U" failures="0" tests="1" name="Selenium.exercise.GetAllItemAmazon" time="118.788" errors="0" timestamp="2022-11-21T08:32:35 PST" skipped="0">
  <testcase classname="Selenium.exercise.GetAllItemAmazon" name="getAllProducts" time="118.788"/>
  <system-out/>
</testsuite> <!-- Selenium.exercise.GetAllItemAmazon -->
